<?xml version="1.0" encoding="UTF-8"?>
<!-- Generated by org.testng.reporters.JUnitReportReporter -->
<testsuite skipped="0" hostname="Techs-iMac.local.tld" name="scripts.TechGlobalRadioButtonsTest" tests="2" failures="0" timestamp="2023-01-22T15:51:41 CST" time="9.843" errors="0">
  <testcase name="languageRadioButtons" time="4.870" classname="scripts.TechGlobalRadioButtonsTest"/>
  <system-out/>
  <testcase name="toolsRadioButtons" time="4.973" classname="scripts.TechGlobalRadioButtonsTest"/>
  <system-out/>
</testsuite> <!-- scripts.TechGlobalRadioButtonsTest -->
