<?xml version="1.0" encoding="UTF-8"?>
<!-- Generated by org.testng.reporters.JUnitReportReporter -->
<testsuite skipped="0" hostname="Techs-iMac.local.tld" name="scripts.TechGlobalDropdownsTest" tests="4" failures="0" timestamp="2023-01-22T15:51:41 CST" time="25.041" errors="0">
  <testcase name="selectDeliveryOption" time="5.204" classname="scripts.TechGlobalDropdownsTest"/>
  <system-out/>
  <testcase name="selectProductOption" time="4.911" classname="scripts.TechGlobalDropdownsTest"/>
  <system-out/>
  <testcase name="selectColorOption" time="4.829" classname="scripts.TechGlobalDropdownsTest"/>
  <system-out/>
  <testcase name="validateTheItemSelected" time="10.097" classname="scripts.TechGlobalDropdownsTest"/>
  <system-out/>
</testsuite> <!-- scripts.TechGlobalDropdownsTest -->
